<?xml version="1.0" encoding="UTF-8"?>
<testsuite xmlns:xsi="http://www.w3.org/2001/XMLSchema-instance" xsi:noNamespaceSchemaLocation="https://maven.apache.org/surefire/maven-surefire-plugin/xsd/surefire-test-report-3.0.xsd" version="3.0" name="TestSuite" time="21.036" tests="2" errors="0" skipped="0" failures="0">
  <properties>
    <property name="java.specification.version" value="13"/>
    <property name="sun.cpu.isalist" value="amd64"/>
    <property name="sun.jnu.encoding" value="Cp1252"/>
    <property name="java.class.path" value="C:\Users\Alex\Desktop\tel-ran\Testing\201103-GigaBerlin\target\test-classes;C:\Users\Alex\Desktop\tel-ran\Testing\201103-GigaBerlin\target\classes;C:\Users\Alex\.m2\repository\junit\junit\4.13\junit-4.13.jar;C:\Users\Alex\.m2\repository\org\hamcrest\hamcrest-core\1.3\hamcrest-core-1.3.jar;C:\Users\Alex\.m2\repository\org\testng\testng\7.3.0\testng-7.3.0.jar;C:\Users\Alex\.m2\repository\com\beust\jcommander\1.78\jcommander-1.78.jar;C:\Users\Alex\.m2\repository\org\apache\ant\ant\1.10.3\ant-1.10.3.jar;C:\Users\Alex\.m2\repository\org\apache\ant\ant-launcher\1.10.3\ant-launcher-1.10.3.jar;C:\Users\Alex\.m2\repository\com\google\inject\guice\4.2.2\guice-4.2.2-no_aop.jar;C:\Users\Alex\.m2\repository\javax\inject\javax.inject\1\javax.inject-1.jar;C:\Users\Alex\.m2\repository\aopalliance\aopalliance\1.0\aopalliance-1.0.jar;C:\Users\Alex\.m2\repository\org\yaml\snakeyaml\1.21\snakeyaml-1.21.jar;C:\Users\Alex\.m2\repository\org\seleniumhq\selenium\selenium-java\3.141.59\selenium-java-3.141.59.jar;C:\Users\Alex\.m2\repository\org\seleniumhq\selenium\selenium-api\3.141.59\selenium-api-3.141.59.jar;C:\Users\Alex\.m2\repository\org\seleniumhq\selenium\selenium-chrome-driver\3.141.59\selenium-chrome-driver-3.141.59.jar;C:\Users\Alex\.m2\repository\org\seleniumhq\selenium\selenium-edge-driver\3.141.59\selenium-edge-driver-3.141.59.jar;C:\Users\Alex\.m2\repository\org\seleniumhq\selenium\selenium-firefox-driver\3.141.59\selenium-firefox-driver-3.141.59.jar;C:\Users\Alex\.m2\repository\org\seleniumhq\selenium\selenium-ie-driver\3.141.59\selenium-ie-driver-3.141.59.jar;C:\Users\Alex\.m2\repository\org\seleniumhq\selenium\selenium-opera-driver\3.141.59\selenium-opera-driver-3.141.59.jar;C:\Users\Alex\.m2\repository\org\seleniumhq\selenium\selenium-remote-driver\3.141.59\selenium-remote-driver-3.141.59.jar;C:\Users\Alex\.m2\repository\org\seleniumhq\selenium\selenium-safari-driver\3.141.59\selenium-safari-driver-3.141.59.jar;C:\Users\Alex\.m2\repository\org\seleniumhq\selenium\selenium-support\3.141.59\selenium-support-3.141.59.jar;C:\Users\Alex\.m2\repository\net\bytebuddy\byte-buddy\1.8.15\byte-buddy-1.8.15.jar;C:\Users\Alex\.m2\repository\org\apache\commons\commons-exec\1.3\commons-exec-1.3.jar;C:\Users\Alex\.m2\repository\com\google\guava\guava\25.0-jre\guava-25.0-jre.jar;C:\Users\Alex\.m2\repository\com\google\code\findbugs\jsr305\1.3.9\jsr305-1.3.9.jar;C:\Users\Alex\.m2\repository\org\checkerframework\checker-compat-qual\2.0.0\checker-compat-qual-2.0.0.jar;C:\Users\Alex\.m2\repository\com\google\errorprone\error_prone_annotations\2.1.3\error_prone_annotations-2.1.3.jar;C:\Users\Alex\.m2\repository\com\google\j2objc\j2objc-annotations\1.1\j2objc-annotations-1.1.jar;C:\Users\Alex\.m2\repository\org\codehaus\mojo\animal-sniffer-annotations\1.14\animal-sniffer-annotations-1.14.jar;C:\Users\Alex\.m2\repository\com\squareup\okhttp3\okhttp\3.11.0\okhttp-3.11.0.jar;C:\Users\Alex\.m2\repository\com\squareup\okio\okio\1.14.0\okio-1.14.0.jar;C:\Users\Alex\.m2\repository\org\seleniumhq\selenium\htmlunit-driver\2.38.0\htmlunit-driver-2.38.0.jar;C:\Users\Alex\.m2\repository\net\sourceforge\htmlunit\htmlunit\2.38.0\htmlunit-2.38.0.jar;C:\Users\Alex\.m2\repository\xalan\xalan\2.7.2\xalan-2.7.2.jar;C:\Users\Alex\.m2\repository\xalan\serializer\2.7.2\serializer-2.7.2.jar;C:\Users\Alex\.m2\repository\org\apache\commons\commons-lang3\3.9\commons-lang3-3.9.jar;C:\Users\Alex\.m2\repository\org\apache\commons\commons-text\1.8\commons-text-1.8.jar;C:\Users\Alex\.m2\repository\org\apache\httpcomponents\httpmime\4.5.12\httpmime-4.5.12.jar;C:\Users\Alex\.m2\repository\net\sourceforge\htmlunit\htmlunit-core-js\2.38.0\htmlunit-core-js-2.38.0.jar;C:\Users\Alex\.m2\repository\net\sourceforge\htmlunit\neko-htmlunit\2.38.0\neko-htmlunit-2.38.0.jar;C:\Users\Alex\.m2\repository\xerces\xercesImpl\2.12.0\xercesImpl-2.12.0.jar;C:\Users\Alex\.m2\repository\xml-apis\xml-apis\1.4.01\xml-apis-1.4.01.jar;C:\Users\Alex\.m2\repository\net\sourceforge\htmlunit\htmlunit-cssparser\1.5.0\htmlunit-cssparser-1.5.0.jar;C:\Users\Alex\.m2\repository\commons-io\commons-io\2.6\commons-io-2.6.jar;C:\Users\Alex\.m2\repository\commons-logging\commons-logging\1.2\commons-logging-1.2.jar;C:\Users\Alex\.m2\repository\commons-net\commons-net\3.6\commons-net-3.6.jar;C:\Users\Alex\.m2\repository\org\brotli\dec\0.1.2\dec-0.1.2.jar;C:\Users\Alex\.m2\repository\org\eclipse\jetty\websocket\websocket-client\9.4.27.v20200227\websocket-client-9.4.27.v20200227.jar;C:\Users\Alex\.m2\repository\org\eclipse\jetty\jetty-client\9.4.27.v20200227\jetty-client-9.4.27.v20200227.jar;C:\Users\Alex\.m2\repository\org\eclipse\jetty\jetty-http\9.4.27.v20200227\jetty-http-9.4.27.v20200227.jar;C:\Users\Alex\.m2\repository\org\eclipse\jetty\jetty-xml\9.4.27.v20200227\jetty-xml-9.4.27.v20200227.jar;C:\Users\Alex\.m2\repository\org\eclipse\jetty\jetty-util\9.4.27.v20200227\jetty-util-9.4.27.v20200227.jar;C:\Users\Alex\.m2\repository\org\eclipse\jetty\jetty-io\9.4.27.v20200227\jetty-io-9.4.27.v20200227.jar;C:\Users\Alex\.m2\repository\org\eclipse\jetty\websocket\websocket-common\9.4.27.v20200227\websocket-common-9.4.27.v20200227.jar;C:\Users\Alex\.m2\repository\org\eclipse\jetty\websocket\websocket-api\9.4.27.v20200227\websocket-api-9.4.27.v20200227.jar;C:\Users\Alex\.m2\repository\com\codeborne\selenide\5.10.0\selenide-5.10.0.jar;C:\Users\Alex\.m2\repository\io\github\bonigarcia\webdrivermanager\3.8.1\webdrivermanager-3.8.1.jar;C:\Users\Alex\.m2\repository\com\google\code\gson\gson\2.8.5\gson-2.8.5.jar;C:\Users\Alex\.m2\repository\org\apache\httpcomponents\httpclient\4.5.6\httpclient-4.5.6.jar;C:\Users\Alex\.m2\repository\org\apache\httpcomponents\httpcore\4.4.10\httpcore-4.4.10.jar;C:\Users\Alex\.m2\repository\commons-codec\commons-codec\1.10\commons-codec-1.10.jar;C:\Users\Alex\.m2\repository\org\rauschig\jarchivelib\1.0.0\jarchivelib-1.0.0.jar;C:\Users\Alex\.m2\repository\org\apache\commons\commons-compress\1.18\commons-compress-1.18.jar;C:\Users\Alex\.m2\repository\org\jsoup\jsoup\1.11.3\jsoup-1.11.3.jar;C:\Users\Alex\.m2\repository\org\slf4j\slf4j-api\1.7.30\slf4j-api-1.7.30.jar;C:\Users\Alex\.m2\repository\org\slf4j\slf4j-log4j12\1.7.5\slf4j-log4j12-1.7.5.jar;C:\Users\Alex\.m2\repository\log4j\log4j\1.2.17\log4j-1.2.17.jar;"/>
    <property name="java.vm.vendor" value="Oracle Corporation"/>
    <property name="sun.arch.data.model" value="64"/>
    <property name="user.variant" value=""/>
    <property name="java.vendor.url" value="https://java.oracle.com/"/>
    <property name="user.timezone" value="Europe/Berlin"/>
    <property name="user.country.format" value="150"/>
    <property name="os.name" value="Windows 10"/>
    <property name="java.vm.specification.version" value="13"/>
    <property name="sun.java.launcher" value="SUN_STANDARD"/>
    <property name="user.country" value="US"/>
    <property name="sun.boot.library.path" value="C:\Program Files\Java\jdk-13\bin"/>
    <property name="sun.java.command" value="C:\Users\Alex\AppData\Local\Temp\surefire1691183658626245876\surefirebooter8175345979218681861.jar C:\Users\Alex\AppData\Local\Temp\surefire1691183658626245876 2020-11-11T21-33-21_652-jvmRun1 surefire4129564841191958272tmp surefire_017704936334242321730tmp"/>
    <property name="jdk.debug" value="release"/>
    <property name="surefire.test.class.path" value="C:\Users\Alex\Desktop\tel-ran\Testing\201103-GigaBerlin\target\test-classes;C:\Users\Alex\Desktop\tel-ran\Testing\201103-GigaBerlin\target\classes;C:\Users\Alex\.m2\repository\junit\junit\4.13\junit-4.13.jar;C:\Users\Alex\.m2\repository\org\hamcrest\hamcrest-core\1.3\hamcrest-core-1.3.jar;C:\Users\Alex\.m2\repository\org\testng\testng\7.3.0\testng-7.3.0.jar;C:\Users\Alex\.m2\repository\com\beust\jcommander\1.78\jcommander-1.78.jar;C:\Users\Alex\.m2\repository\org\apache\ant\ant\1.10.3\ant-1.10.3.jar;C:\Users\Alex\.m2\repository\org\apache\ant\ant-launcher\1.10.3\ant-launcher-1.10.3.jar;C:\Users\Alex\.m2\repository\com\google\inject\guice\4.2.2\guice-4.2.2-no_aop.jar;C:\Users\Alex\.m2\repository\javax\inject\javax.inject\1\javax.inject-1.jar;C:\Users\Alex\.m2\repository\aopalliance\aopalliance\1.0\aopalliance-1.0.jar;C:\Users\Alex\.m2\repository\org\yaml\snakeyaml\1.21\snakeyaml-1.21.jar;C:\Users\Alex\.m2\repository\org\seleniumhq\selenium\selenium-java\3.141.59\selenium-java-3.141.59.jar;C:\Users\Alex\.m2\repository\org\seleniumhq\selenium\selenium-api\3.141.59\selenium-api-3.141.59.jar;C:\Users\Alex\.m2\repository\org\seleniumhq\selenium\selenium-chrome-driver\3.141.59\selenium-chrome-driver-3.141.59.jar;C:\Users\Alex\.m2\repository\org\seleniumhq\selenium\selenium-edge-driver\3.141.59\selenium-edge-driver-3.141.59.jar;C:\Users\Alex\.m2\repository\org\seleniumhq\selenium\selenium-firefox-driver\3.141.59\selenium-firefox-driver-3.141.59.jar;C:\Users\Alex\.m2\repository\org\seleniumhq\selenium\selenium-ie-driver\3.141.59\selenium-ie-driver-3.141.59.jar;C:\Users\Alex\.m2\repository\org\seleniumhq\selenium\selenium-opera-driver\3.141.59\selenium-opera-driver-3.141.59.jar;C:\Users\Alex\.m2\repository\org\seleniumhq\selenium\selenium-remote-driver\3.141.59\selenium-remote-driver-3.141.59.jar;C:\Users\Alex\.m2\repository\org\seleniumhq\selenium\selenium-safari-driver\3.141.59\selenium-safari-driver-3.141.59.jar;C:\Users\Alex\.m2\repository\org\seleniumhq\selenium\selenium-support\3.141.59\selenium-support-3.141.59.jar;C:\Users\Alex\.m2\repository\net\bytebuddy\byte-buddy\1.8.15\byte-buddy-1.8.15.jar;C:\Users\Alex\.m2\repository\org\apache\commons\commons-exec\1.3\commons-exec-1.3.jar;C:\Users\Alex\.m2\repository\com\google\guava\guava\25.0-jre\guava-25.0-jre.jar;C:\Users\Alex\.m2\repository\com\google\code\findbugs\jsr305\1.3.9\jsr305-1.3.9.jar;C:\Users\Alex\.m2\repository\org\checkerframework\checker-compat-qual\2.0.0\checker-compat-qual-2.0.0.jar;C:\Users\Alex\.m2\repository\com\google\errorprone\error_prone_annotations\2.1.3\error_prone_annotations-2.1.3.jar;C:\Users\Alex\.m2\repository\com\google\j2objc\j2objc-annotations\1.1\j2objc-annotations-1.1.jar;C:\Users\Alex\.m2\repository\org\codehaus\mojo\animal-sniffer-annotations\1.14\animal-sniffer-annotations-1.14.jar;C:\Users\Alex\.m2\repository\com\squareup\okhttp3\okhttp\3.11.0\okhttp-3.11.0.jar;C:\Users\Alex\.m2\repository\com\squareup\okio\okio\1.14.0\okio-1.14.0.jar;C:\Users\Alex\.m2\repository\org\seleniumhq\selenium\htmlunit-driver\2.38.0\htmlunit-driver-2.38.0.jar;C:\Users\Alex\.m2\repository\net\sourceforge\htmlunit\htmlunit\2.38.0\htmlunit-2.38.0.jar;C:\Users\Alex\.m2\repository\xalan\xalan\2.7.2\xalan-2.7.2.jar;C:\Users\Alex\.m2\repository\xalan\serializer\2.7.2\serializer-2.7.2.jar;C:\Users\Alex\.m2\repository\org\apache\commons\commons-lang3\3.9\commons-lang3-3.9.jar;C:\Users\Alex\.m2\repository\org\apache\commons\commons-text\1.8\commons-text-1.8.jar;C:\Users\Alex\.m2\repository\org\apache\httpcomponents\httpmime\4.5.12\httpmime-4.5.12.jar;C:\Users\Alex\.m2\repository\net\sourceforge\htmlunit\htmlunit-core-js\2.38.0\htmlunit-core-js-2.38.0.jar;C:\Users\Alex\.m2\repository\net\sourceforge\htmlunit\neko-htmlunit\2.38.0\neko-htmlunit-2.38.0.jar;C:\Users\Alex\.m2\repository\xerces\xercesImpl\2.12.0\xercesImpl-2.12.0.jar;C:\Users\Alex\.m2\repository\xml-apis\xml-apis\1.4.01\xml-apis-1.4.01.jar;C:\Users\Alex\.m2\repository\net\sourceforge\htmlunit\htmlunit-cssparser\1.5.0\htmlunit-cssparser-1.5.0.jar;C:\Users\Alex\.m2\repository\commons-io\commons-io\2.6\commons-io-2.6.jar;C:\Users\Alex\.m2\repository\commons-logging\commons-logging\1.2\commons-logging-1.2.jar;C:\Users\Alex\.m2\repository\commons-net\commons-net\3.6\commons-net-3.6.jar;C:\Users\Alex\.m2\repository\org\brotli\dec\0.1.2\dec-0.1.2.jar;C:\Users\Alex\.m2\repository\org\eclipse\jetty\websocket\websocket-client\9.4.27.v20200227\websocket-client-9.4.27.v20200227.jar;C:\Users\Alex\.m2\repository\org\eclipse\jetty\jetty-client\9.4.27.v20200227\jetty-client-9.4.27.v20200227.jar;C:\Users\Alex\.m2\repository\org\eclipse\jetty\jetty-http\9.4.27.v20200227\jetty-http-9.4.27.v20200227.jar;C:\Users\Alex\.m2\repository\org\eclipse\jetty\jetty-xml\9.4.27.v20200227\jetty-xml-9.4.27.v20200227.jar;C:\Users\Alex\.m2\repository\org\eclipse\jetty\jetty-util\9.4.27.v20200227\jetty-util-9.4.27.v20200227.jar;C:\Users\Alex\.m2\repository\org\eclipse\jetty\jetty-io\9.4.27.v20200227\jetty-io-9.4.27.v20200227.jar;C:\Users\Alex\.m2\repository\org\eclipse\jetty\websocket\websocket-common\9.4.27.v20200227\websocket-common-9.4.27.v20200227.jar;C:\Users\Alex\.m2\repository\org\eclipse\jetty\websocket\websocket-api\9.4.27.v20200227\websocket-api-9.4.27.v20200227.jar;C:\Users\Alex\.m2\repository\com\codeborne\selenide\5.10.0\selenide-5.10.0.jar;C:\Users\Alex\.m2\repository\io\github\bonigarcia\webdrivermanager\3.8.1\webdrivermanager-3.8.1.jar;C:\Users\Alex\.m2\repository\com\google\code\gson\gson\2.8.5\gson-2.8.5.jar;C:\Users\Alex\.m2\repository\org\apache\httpcomponents\httpclient\4.5.6\httpclient-4.5.6.jar;C:\Users\Alex\.m2\repository\org\apache\httpcomponents\httpcore\4.4.10\httpcore-4.4.10.jar;C:\Users\Alex\.m2\repository\commons-codec\commons-codec\1.10\commons-codec-1.10.jar;C:\Users\Alex\.m2\repository\org\rauschig\jarchivelib\1.0.0\jarchivelib-1.0.0.jar;C:\Users\Alex\.m2\repository\org\apache\commons\commons-compress\1.18\commons-compress-1.18.jar;C:\Users\Alex\.m2\repository\org\jsoup\jsoup\1.11.3\jsoup-1.11.3.jar;C:\Users\Alex\.m2\repository\org\slf4j\slf4j-api\1.7.30\slf4j-api-1.7.30.jar;C:\Users\Alex\.m2\repository\org\slf4j\slf4j-log4j12\1.7.5\slf4j-log4j12-1.7.5.jar;C:\Users\Alex\.m2\repository\log4j\log4j\1.2.17\log4j-1.2.17.jar;"/>
    <property name="sun.cpu.endian" value="little"/>
    <property name="user.home" value="C:\Users\Alex"/>
    <property name="user.language" value="en"/>
    <property name="java.specification.vendor" value="Oracle Corporation"/>
    <property name="java.version.date" value="2019-09-17"/>
    <property name="java.home" value="C:\Program Files\Java\jdk-13"/>
    <property name="file.separator" value="\"/>
    <property name="basedir" value="C:\Users\Alex\Desktop\tel-ran\Testing\201103-GigaBerlin"/>
    <property name="java.vm.compressedOopsMode" value="32-bit"/>
    <property name="line.separator" value="&#10;"/>
    <property name="java.vm.specification.vendor" value="Oracle Corporation"/>
    <property name="java.specification.name" value="Java Platform API Specification"/>
    <property name="surefire.real.class.path" value="C:\Users\Alex\AppData\Local\Temp\surefire1691183658626245876\surefirebooter8175345979218681861.jar"/>
    <property name="user.script" value=""/>
    <property name="sun.management.compiler" value="HotSpot 64-Bit Tiered Compilers"/>
    <property name="java.runtime.version" value="13+33"/>
    <property name="user.name" value="Alex"/>
    <property name="path.separator" value=";"/>
    <property name="os.version" value="10.0"/>
    <property name="java.runtime.name" value="Java(TM) SE Runtime Environment"/>
    <property name="file.encoding" value="UTF-8"/>
    <property name="browser" value="Chrome"/>
    <property name="java.vm.name" value="Java HotSpot(TM) 64-Bit Server VM"/>
    <property name="localRepository" value="C:\Users\Alex\.m2\repository"/>
    <property name="java.vendor.url.bug" value="https://bugreport.java.com/bugreport/"/>
    <property name="java.io.tmpdir" value="C:\Users\Alex\AppData\Local\Temp\"/>
    <property name="java.version" value="13"/>
    <property name="user.dir" value="C:\Users\Alex\Desktop\tel-ran\Testing\201103-GigaBerlin"/>
    <property name="os.arch" value="amd64"/>
    <property name="java.vm.specification.name" value="Java Virtual Machine Specification"/>
    <property name="sun.os.patch.level" value=""/>
    <property name="java.library.path" value="C:\Program Files\Java\jdk-13\bin;C:\WINDOWS\Sun\Java\bin;C:\WINDOWS\system32;C:\WINDOWS;C:\Program Files (x86)\Common Files\Oracle\Java\javapath;C:\WINDOWS\system32;C:\WINDOWS;C:\WINDOWS\System32\Wbem;C:\WINDOWS\System32\WindowsPowerShell\v1.0\;C:\WINDOWS\System32\OpenSSH\;C:\Program Files\Git\cmd;C:\Program Files\nodejs\;C:\Program Files\Java\apache-maven-3.6.3\bin;C:\Program Files\Docker\Docker\resources\bin;C:\ProgramData\DockerDesktop\version-bin;C:\Program Files\galenframework\galen-bin-2.4.4;C:\Users\Alex\anaconda3;C:\Users\Alex\anaconda3\Library\mingw-w64\bin;C:\Users\Alex\anaconda3\Library\usr\bin;C:\Users\Alex\anaconda3\Library\bin;C:\Users\Alex\anaconda3\Scripts;C:\Users\Alex\AppData\Local\Microsoft\WindowsApps;C:\Users\Alex\AppData\Roaming\npm;C:\Program Files\Java\apache-maven-3.6.3\bin;C:\Program Files\Java\apache-maven-3.6.3\bin;."/>
    <property name="java.vm.info" value="mixed mode, sharing"/>
    <property name="java.vendor" value="Oracle Corporation"/>
    <property name="java.vm.version" value="13+33"/>
    <property name="sun.io.unicode.encoding" value="UnicodeLittle"/>
    <property name="java.class.version" value="57.0"/>
  </properties>
  <testcase name="test" classname="gigaBerlin.RunTest" time="19.579"/>
  <testcase name="test" classname="gigaBerlin.RunTest" time="19.877"/>
</testsuite>