<?xml version="1.0" encoding="UTF-8"?>
<!-- Generated by org.testng.reporters.JUnitReportReporter -->
<testsuite hostname="Panamera" failures="0" tests="2" name="gigaBerlin.RunTest" time="39.456" errors="0" timestamp="2020-11-11T21:33:43 CET" skipped="0">
  <testcase classname="gigaBerlin.RunTest" name="test" time="19.879"/>
  <system-out/>
  <testcase classname="gigaBerlin.RunTest" name="test" time="19.577"/>
  <system-out/>
</testsuite> <!-- gigaBerlin.RunTest -->
